#
# There is insufficient memory for the Java Runtime Environment to continue.
# Native memory allocation (mmap) failed to map 67108864 bytes for Failed to commit area from 0x00000000c1800000 to 0x00000000c5800000 of length 67108864.
# Possible reasons:
#   The system is out of physical RAM or swap space
#   The process is running with CompressedOops enabled, and the Java Heap may be blocking the growth of the native heap
# Possible solutions:
#   Reduce memory load on the system
#   Increase physical memory or swap space
#   Check if swap backing store is full
#   Decrease Java heap size (-Xmx/-Xms)
#   Decrease number of Java threads
#   Decrease Java thread stack sizes (-Xss)
#   Set larger code cache with -XX:ReservedCodeCacheSize=
# This output file may be truncated or incomplete.
#
#  Out of Memory Error (t:/workspace/open/src/hotspot/os/windows/os_windows.cpp:3221), pid=18392, tid=18324
#
# JRE version:  (10.0.2+13) (build )
# Java VM: Java HotSpot(TM) 64-Bit Server VM (10.0.2+13, mixed mode, aot, tiered, compressed oops, g1 gc, windows-amd64)
# No core dump will be written. Minidumps are not enabled by default on client versions of Windows
#

---------------  S U M M A R Y ------------

Command Line: -Dfile.encoding=GBK jaaa.hello

Host: Intel(R) Core(TM) i5-5200U CPU @ 2.20GHz, 4 cores, 3G,  Windows 10 , 64 bit Build 16299 (10.0.16299.1004)
Time: Fri Mar 22 13:43:18 2019 ?D1®≤°¿®∫°¡?®∫°¿?? elapsed time: 0 seconds (0d 0h 0m 0s)

---------------  T H R E A D  ---------------

Current thread (0x0000025e762fb800):  JavaThread "Unknown thread" [_thread_in_vm, id=18324, stack(0x000000c664200000,0x000000c664300000)]

Stack: [0x000000c664200000,0x000000c664300000]
Native frames: (J=compiled Java code, j=interpreted, Vv=VM code, C=native code)
V  [jvm.dll+0x5a01a9]
V  [jvm.dll+0x6bcf31]
V  [jvm.dll+0x6be126]
V  [jvm.dll+0x6be7b3]
V  [jvm.dll+0x234978]
V  [jvm.dll+0x59dac4]
V  [jvm.dll+0x592825]
V  [jvm.dll+0x2f632b]
V  [jvm.dll+0x2f6295]
V  [jvm.dll+0x2f6172]
V  [jvm.dll+0x2f8366]
V  [jvm.dll+0x344293]
V  [jvm.dll+0x3449a6]
V  [jvm.dll+0x344393]
V  [jvm.dll+0x2c4628]
V  [jvm.dll+0x2c5771]
V  [jvm.dll+0x69d1db]
V  [jvm.dll+0x69e9fc]
V  [jvm.dll+0x3519e9]
V  [jvm.dll+0x6856a2]
V  [jvm.dll+0x3ba0c3]
V  [jvm.dll+0x3bc261]
C  [javaw.exe+0x3541]
C  [javaw.exe+0xe1cf]
C  [javaw.exe+0xe376]
C  [KERNEL32.DLL+0x13574]
C  [ntdll.dll+0x6cb81]


---------------  P R O C E S S  ---------------

Threads class SMR info:
_java_thread_list=0x0000025e73e929a0, length=0, elements={
}

Java Threads: ( => current thread )

Other Threads:
  0x0000025e76312800 GCTaskThread "GC Thread#0" [stack: 0x000000c664300000,0x000000c664400000] [id=18344]
  0x0000025e76315000 GCTaskThread "GC Thread#1" [stack: 0x000000c664400000,0x000000c664500000] [id=18348]
  0x0000025e76318000 GCTaskThread "GC Thread#2" [stack: 0x000000c664500000,0x000000c664600000] [id=18320]
  0x0000025e7631e800 GCTaskThread "GC Thread#3" [stack: 0x000000c664600000,0x000000c664700000] [id=13808]
  0x0000025e76357800 ConcurrentGCThread "G1 Main Marker" [stack: 0x000000c664700000,0x000000c664800000] [id=18316]
  0x0000025e7635c800 ConcurrentGCThread "G1 Conc#0" [stack: 0x000000c664800000,0x000000c664900000] [id=10024]

[error occurred during error reporting (printing all threads), id 0xe0000002]

VM state:not at safepoint (not fully initialized)

VM Mutex/Monitor currently owned by a thread:  ([mutex/lock_event])
[0x0000025e762f99b0] Heap_lock - owner thread: 0x0000025e762fb800

Heap address: 0x00000000c1800000, size: 1000 MB, Compressed Oops mode: Non-zero based: 0x00000000c1800000
Narrow klass base: 0x0000000000000000, Narrow klass shift: 0

GC Heap History (0 events):
No events

Deoptimization events (0 events):
No events

Classes redefined (0 events):
No events

Internal exceptions (0 events):
No events

Events (0 events):
No events


Dynamic libraries:
0x00007ff6bf280000 - 0x00007ff6bf2be000 	D:\java\JRE\bin\javaw.exe
0x00007ff9a3b60000 - 0x00007ff9a3d40000 	C:\Windows\SYSTEM32\ntdll.dll
0x00007ff9a3390000 - 0x00007ff9a343e000 	C:\Windows\System32\KERNEL32.DLL
0x00007ff9a0890000 - 0x00007ff9a0af6000 	C:\Windows\System32\KERNELBASE.dll
0x00007ff9a2f50000 - 0x00007ff9a2ff1000 	C:\Windows\System32\ADVAPI32.dll
0x00007ff9a24a0000 - 0x00007ff9a253d000 	C:\Windows\System32\msvcrt.dll
0x00007ff9a3570000 - 0x00007ff9a35cb000 	C:\Windows\System32\sechost.dll
0x00007ff9a35d0000 - 0x00007ff9a36ef000 	C:\Windows\System32\RPCRT4.dll
0x00007ff9a3720000 - 0x00007ff9a38af000 	C:\Windows\System32\USER32.dll
0x00007ff9a0cd0000 - 0x00007ff9a0cf0000 	C:\Windows\System32\win32u.dll
0x00007ff9a36f0000 - 0x00007ff9a3718000 	C:\Windows\System32\GDI32.dll
0x00007ff9a0e90000 - 0x00007ff9a1023000 	C:\Windows\System32\gdi32full.dll
0x00007ff9a0df0000 - 0x00007ff9a0e8b000 	C:\Windows\System32\msvcp_win.dll
0x00007ff9a0cf0000 - 0x00007ff9a0de4000 	C:\Windows\System32\ucrtbase.dll
0x00007ff994890000 - 0x00007ff99489a000 	C:\Windows\SYSTEM32\VERSION.dll
0x00007ff990230000 - 0x00007ff990499000 	C:\Windows\WinSxS\amd64_microsoft.windows.common-controls_6595b64144ccf1df_6.0.16299.1004_none_0f88b6be5a6c721c\COMCTL32.dll
0x00007ff9a3010000 - 0x00007ff9a3316000 	C:\Windows\System32\combase.dll
0x00007ff9a0070000 - 0x00007ff9a00e2000 	C:\Windows\System32\bcryptPrimitives.dll
0x00007ff9a3b00000 - 0x00007ff9a3b2d000 	C:\Windows\System32\IMM32.DLL
0x00007ff98cd20000 - 0x00007ff98ce0f000 	D:\java\JRE\bin\msvcr120.dll
0x00007ff982020000 - 0x00007ff9820c6000 	D:\java\JRE\bin\msvcp120.dll
0x00000000746a0000 - 0x0000000075110000 	D:\java\JRE\bin\server\jvm.dll
0x00007ff9a3000000 - 0x00007ff9a3008000 	C:\Windows\System32\PSAPI.DLL
0x00007ff996490000 - 0x00007ff996499000 	C:\Windows\SYSTEM32\WSOCK32.dll
0x00007ff9a3320000 - 0x00007ff9a338c000 	C:\Windows\System32\WS2_32.dll
0x00007ff99aed0000 - 0x00007ff99aef3000 	C:\Windows\SYSTEM32\WINMM.dll
0x00007ff99aea0000 - 0x00007ff99aeca000 	C:\Windows\SYSTEM32\winmmbase.dll
0x00007ff9a00f0000 - 0x00007ff9a013a000 	C:\Windows\System32\cfgmgr32.dll
0x00007ff99cb60000 - 0x00007ff99cb6f000 	D:\java\JRE\bin\verify.dll
0x00007ff99e950000 - 0x00007ff99eb18000 	C:\Windows\SYSTEM32\DBGHELP.DLL
0x00007ff994bf0000 - 0x00007ff994c19000 	C:\Windows\SYSTEM32\dbgcore.DLL
0x00007ff994b00000 - 0x00007ff994b27000 	D:\java\JRE\bin\java.dll
0x00007ff99b3e0000 - 0x00007ff99b3f6000 	D:\java\JRE\bin\zip.dll
0x00007ff99cb50000 - 0x00007ff99cb5a000 	D:\java\JRE\bin\jimage.dll

dbghelp: loaded successfully - version: 4.0.5 - missing functions: none
symbol engine: initialized successfully - sym options: 0x614 - pdb path: .;D:\java\JRE\bin;C:\Windows\SYSTEM32;C:\Windows\WinSxS\amd64_microsoft.windows.common-controls_6595b64144ccf1df_6.0.16299.1004_none_0f88b6be5a6c721c;D:\java\JRE\bin\server

VM Arguments:
jvm_args: -Dfile.encoding=GBK 
java_command: jaaa.hello
java_class_path (initial): D:\eclipseWorkspace\jaaa\bin
Launcher Type: SUN_STANDARD

Logging:
Log output configuration:
#0: stdout all=warning uptime,level,tags
#1: stderr all=off uptime,level,tags

Environment Variables:
JAVA_HOME=D:\java\JDK
CLASSPATH=.;D:\java\JDK\lib\dt.jar;D:\java\JDK\lib\tools.jar
PATH=C:\Program Files (x86)\Common Files\Oracle\Java\javapath;C:\Windows\system32;C:\Windows;C:\Windows\System32\Wbem;C:\Windows\System32\WindowsPowerShell\v1.0\;D:\java\JDK\bin;D:\java\JDK\jre\bin;C:\Program Files\Microsoft SQL Server\110\Tools\Binn\;C:\Users\Administrator\AppData\Local\Microsoft\WindowsApps;
USERNAME=∞¨¿÷
OS=Windows_NT
PROCESSOR_IDENTIFIER=Intel64 Family 6 Model 61 Stepping 4, GenuineIntel



---------------  S Y S T E M  ---------------

OS: Windows 10 , 64 bit Build 16299 (10.0.16299.1004)

CPU:total 4 (initial active 4) (2 cores per cpu, 2 threads per core) family 6 model 61 stepping 4, cmov, cx8, fxsr, mmx, sse, sse2, sse3, ssse3, sse4.1, sse4.2, popcnt, avx, avx2, aes, clmul, erms, 3dnowpref, lzcnt, ht, tsc, tscinvbit, bmi1, bmi2, adx, fma

Memory: 4k page, physical 4091764k(306720k free), swap 4091764k(76184k free)

vm_info: Java HotSpot(TM) 64-Bit Server VM (10.0.2+13) for windows-amd64 JRE (10.0.2+13), built on Jun 28 2018 01:57:56 by "mach5one" with MS VC++ 12.0 (VS2013)

END.
